{"D:\\LABORATORIA\\Lab-Notes\\DEV001-notes\\Sticky-list\\src\\App.jsx": {"path":"D:\\LABORATORIA\\Lab-Notes\\DEV001-notes\\Sticky-list\\src\\App.jsx","statementMap":{"0":{"start":{"line":8,"column":2},"end":{"line":15,"column":4}}},"fnMap":{"0":{"name":"App","decl":{"start":{"line":7,"column":9},"end":{"line":7,"column":12}},"loc":{"start":{"line":7,"column":15},"end":{"line":16,"column":1}},"line":7}},"branchMap":{},"s":{"0":0},"f":{"0":0},"b":{}}
,"D:\\LABORATORIA\\Lab-Notes\\DEV001-notes\\Sticky-list\\src\\main.jsx": {"path":"D:\\LABORATORIA\\Lab-Notes\\DEV001-notes\\Sticky-list\\src\\main.jsx","statementMap":{"0":{"start":{"line":10,"column":15},"end":{"line":19,"column":2}},"1":{"start":{"line":21,"column":0},"end":{"line":25,"column":2}}},"fnMap":{},"branchMap":{},"s":{"0":0,"1":0},"f":{},"b":{}}
,"D:\\LABORATORIA\\Lab-Notes\\DEV001-notes\\Sticky-list\\src\\Componentes\\Fondo.jsx": {"path":"D:\\LABORATORIA\\Lab-Notes\\DEV001-notes\\Sticky-list\\src\\Componentes\\Fondo.jsx","statementMap":{"0":{"start":{"line":4,"column":23},"end":{"line":6,"column":3}},"1":{"start":{"line":5,"column":4},"end":{"line":5,"column":34}},"2":{"start":{"line":8,"column":2},"end":{"line":14,"column":4}}},"fnMap":{"0":{"name":"Fondo","decl":{"start":{"line":3,"column":9},"end":{"line":3,"column":14}},"loc":{"start":{"line":3,"column":17},"end":{"line":15,"column":1}},"line":3},"1":{"name":"(anonymous_1)","decl":{"start":{"line":4,"column":23},"end":{"line":4,"column":24}},"loc":{"start":{"line":4,"column":29},"end":{"line":6,"column":3}},"line":4}},"branchMap":{},"s":{"0":0,"1":0,"2":0},"f":{"0":0,"1":0},"b":{}}
,"D:\\LABORATORIA\\Lab-Notes\\DEV001-notes\\Sticky-list\\src\\Componentes\\Home.jsx": {"path":"D:\\LABORATORIA\\Lab-Notes\\DEV001-notes\\Sticky-list\\src\\Componentes\\Home.jsx","statementMap":{"0":{"start":{"line":4,"column":23},"end":{"line":5,"column":3}},"1":{"start":{"line":6,"column":2},"end":{"line":6,"column":32}},"2":{"start":{"line":8,"column":17},"end":{"line":10,"column":3}},"3":{"start":{"line":9,"column":4},"end":{"line":9,"column":32}},"4":{"start":{"line":11,"column":22},"end":{"line":13,"column":3}},"5":{"start":{"line":12,"column":4},"end":{"line":12,"column":37}},"6":{"start":{"line":14,"column":17},"end":{"line":16,"column":3}},"7":{"start":{"line":15,"column":4},"end":{"line":15,"column":32}},"8":{"start":{"line":17,"column":2},"end":{"line":38,"column":4}}},"fnMap":{"0":{"name":"Fondo","decl":{"start":{"line":3,"column":9},"end":{"line":3,"column":14}},"loc":{"start":{"line":3,"column":17},"end":{"line":39,"column":1}},"line":3},"1":{"name":"(anonymous_1)","decl":{"start":{"line":4,"column":23},"end":{"line":4,"column":24}},"loc":{"start":{"line":4,"column":29},"end":{"line":5,"column":3}},"line":4},"2":{"name":"(anonymous_2)","decl":{"start":{"line":8,"column":17},"end":{"line":8,"column":18}},"loc":{"start":{"line":8,"column":22},"end":{"line":10,"column":3}},"line":8},"3":{"name":"(anonymous_3)","decl":{"start":{"line":11,"column":22},"end":{"line":11,"column":23}},"loc":{"start":{"line":11,"column":27},"end":{"line":13,"column":3}},"line":11},"4":{"name":"(anonymous_4)","decl":{"start":{"line":14,"column":17},"end":{"line":14,"column":18}},"loc":{"start":{"line":14,"column":22},"end":{"line":16,"column":3}},"line":14}},"branchMap":{},"s":{"0":0,"1":0,"2":0,"3":0,"4":0,"5":0,"6":0,"7":0,"8":0},"f":{"0":0,"1":0,"2":0,"3":0,"4":0},"b":{}}
,"D:\\LABORATORIA\\Lab-Notes\\DEV001-notes\\Sticky-list\\src\\Componentes\\Inicio.jsx": {"path":"D:\\LABORATORIA\\Lab-Notes\\DEV001-notes\\Sticky-list\\src\\Componentes\\Inicio.jsx","statementMap":{"0":{"start":{"line":6,"column":19},"end":{"line":6,"column":32}},"1":{"start":{"line":7,"column":23},"end":{"line":11,"column":3}},"2":{"start":{"line":8,"column":4},"end":{"line":10,"column":7}},"3":{"start":{"line":9,"column":6},"end":{"line":9,"column":24}},"4":{"start":{"line":12,"column":2},"end":{"line":21,"column":4}}},"fnMap":{"0":{"name":"Inicio","decl":{"start":{"line":5,"column":9},"end":{"line":5,"column":15}},"loc":{"start":{"line":5,"column":18},"end":{"line":22,"column":1}},"line":5},"1":{"name":"(anonymous_1)","decl":{"start":{"line":7,"column":23},"end":{"line":7,"column":24}},"loc":{"start":{"line":7,"column":29},"end":{"line":11,"column":3}},"line":7},"2":{"name":"(anonymous_2)","decl":{"start":{"line":8,"column":26},"end":{"line":8,"column":27}},"loc":{"start":{"line":8,"column":37},"end":{"line":10,"column":5}},"line":8}},"branchMap":{},"s":{"0":0,"1":0,"2":0,"3":0,"4":0},"f":{"0":0,"1":0,"2":0},"b":{}}
,"D:\\LABORATORIA\\Lab-Notes\\DEV001-notes\\Sticky-list\\src\\Componentes\\Muro.jsx": {"path":"D:\\LABORATORIA\\Lab-Notes\\DEV001-notes\\Sticky-list\\src\\Componentes\\Muro.jsx","statementMap":{"0":{"start":{"line":8,"column":19},"end":{"line":8,"column":32}},"1":{"start":{"line":10,"column":23},"end":{"line":13,"column":3}},"2":{"start":{"line":15,"column":50},"end":{"line":15,"column":72}},"3":{"start":{"line":16,"column":28},"end":{"line":16,"column":40}},"4":{"start":{"line":17,"column":28},"end":{"line":17,"column":40}},"5":{"start":{"line":19,"column":27},"end":{"line":22,"column":3}},"6":{"start":{"line":20,"column":26},"end":{"line":20,"column":34}},"7":{"start":{"line":21,"column":4},"end":{"line":21,"column":62}},"8":{"start":{"line":24,"column":22},"end":{"line":26,"column":3}},"9":{"start":{"line":25,"column":4},"end":{"line":25,"column":72}},"10":{"start":{"line":28,"column":32},"end":{"line":40,"column":3}},"11":{"start":{"line":29,"column":4},"end":{"line":29,"column":23}},"12":{"start":{"line":31,"column":4},"end":{"line":31,"column":71}},"13":{"start":{"line":33,"column":4},"end":{"line":33,"column":38}},"14":{"start":{"line":34,"column":4},"end":{"line":34,"column":40}},"15":{"start":{"line":35,"column":4},"end":{"line":38,"column":11}},"16":{"start":{"line":37,"column":10},"end":{"line":37,"column":32}},"17":{"start":{"line":39,"column":4},"end":{"line":39,"column":34}},"18":{"start":{"line":42,"column":2},"end":{"line":48,"column":9}},"19":{"start":{"line":43,"column":4},"end":{"line":47,"column":6}},"20":{"start":{"line":44,"column":6},"end":{"line":44,"column":26}},"21":{"start":{"line":45,"column":6},"end":{"line":45,"column":23}},"22":{"start":{"line":51,"column":17},"end":{"line":60,"column":3}},"23":{"start":{"line":52,"column":4},"end":{"line":59,"column":5}},"24":{"start":{"line":53,"column":28},"end":{"line":53,"column":48}},"25":{"start":{"line":54,"column":6},"end":{"line":54,"column":47}},"26":{"start":{"line":56,"column":6},"end":{"line":56,"column":39}},"27":{"start":{"line":58,"column":6},"end":{"line":58,"column":25}},"28":{"start":{"line":65,"column":2},"end":{"line":69,"column":14}},"29":{"start":{"line":66,"column":4},"end":{"line":68,"column":5}},"30":{"start":{"line":67,"column":6},"end":{"line":67,"column":20}},"31":{"start":{"line":72,"column":17},"end":{"line":74,"column":3}},"32":{"start":{"line":73,"column":4},"end":{"line":73,"column":32}},"33":{"start":{"line":76,"column":17},"end":{"line":80,"column":3}},"34":{"start":{"line":77,"column":4},"end":{"line":79,"column":7}},"35":{"start":{"line":78,"column":6},"end":{"line":78,"column":20}},"36":{"start":{"line":82,"column":2},"end":{"line":136,"column":4}},"37":{"start":{"line":119,"column":14},"end":{"line":129,"column":20}},"38":{"start":{"line":124,"column":35},"end":{"line":124,"column":61}},"39":{"start":{"line":126,"column":35},"end":{"line":126,"column":52}}},"fnMap":{"0":{"name":"Muro","decl":{"start":{"line":7,"column":9},"end":{"line":7,"column":13}},"loc":{"start":{"line":7,"column":16},"end":{"line":137,"column":1}},"line":7},"1":{"name":"(anonymous_1)","decl":{"start":{"line":19,"column":27},"end":{"line":19,"column":28}},"loc":{"start":{"line":19,"column":34},"end":{"line":22,"column":3}},"line":19},"2":{"name":"(anonymous_2)","decl":{"start":{"line":24,"column":22},"end":{"line":24,"column":23}},"loc":{"start":{"line":24,"column":28},"end":{"line":26,"column":3}},"line":24},"3":{"name":"(anonymous_3)","decl":{"start":{"line":28,"column":32},"end":{"line":28,"column":33}},"loc":{"start":{"line":28,"column":39},"end":{"line":40,"column":3}},"line":28},"4":{"name":"(anonymous_4)","decl":{"start":{"line":36,"column":14},"end":{"line":36,"column":15}},"loc":{"start":{"line":36,"column":28},"end":{"line":38,"column":9}},"line":36},"5":{"name":"(anonymous_5)","decl":{"start":{"line":42,"column":12},"end":{"line":42,"column":13}},"loc":{"start":{"line":42,"column":18},"end":{"line":48,"column":3}},"line":42},"6":{"name":"(anonymous_6)","decl":{"start":{"line":43,"column":16},"end":{"line":43,"column":17}},"loc":{"start":{"line":43,"column":28},"end":{"line":46,"column":5}},"line":43},"7":{"name":"(anonymous_7)","decl":{"start":{"line":51,"column":17},"end":{"line":51,"column":18}},"loc":{"start":{"line":51,"column":25},"end":{"line":60,"column":3}},"line":51},"8":{"name":"(anonymous_8)","decl":{"start":{"line":65,"column":12},"end":{"line":65,"column":13}},"loc":{"start":{"line":65,"column":18},"end":{"line":69,"column":3}},"line":65},"9":{"name":"(anonymous_9)","decl":{"start":{"line":72,"column":17},"end":{"line":72,"column":18}},"loc":{"start":{"line":72,"column":23},"end":{"line":74,"column":3}},"line":72},"10":{"name":"(anonymous_10)","decl":{"start":{"line":76,"column":17},"end":{"line":76,"column":18}},"loc":{"start":{"line":76,"column":23},"end":{"line":80,"column":3}},"line":76},"11":{"name":"(anonymous_11)","decl":{"start":{"line":77,"column":25},"end":{"line":77,"column":26}},"loc":{"start":{"line":77,"column":38},"end":{"line":79,"column":5}},"line":77},"12":{"name":"(anonymous_12)","decl":{"start":{"line":118,"column":23},"end":{"line":118,"column":24}},"loc":{"start":{"line":119,"column":14},"end":{"line":129,"column":20}},"line":119},"13":{"name":"(anonymous_13)","decl":{"start":{"line":124,"column":29},"end":{"line":124,"column":30}},"loc":{"start":{"line":124,"column":35},"end":{"line":124,"column":61}},"line":124},"14":{"name":"(anonymous_14)","decl":{"start":{"line":126,"column":29},"end":{"line":126,"column":30}},"loc":{"start":{"line":126,"column":35},"end":{"line":126,"column":52}},"line":126}},"branchMap":{"0":{"loc":{"start":{"line":66,"column":4},"end":{"line":68,"column":5}},"type":"if","locations":[{"start":{"line":66,"column":4},"end":{"line":68,"column":5}},{"start":{},"end":{}}],"line":66}},"s":{"0":0,"1":0,"2":0,"3":0,"4":0,"5":0,"6":0,"7":0,"8":0,"9":0,"10":0,"11":0,"12":0,"13":0,"14":0,"15":0,"16":0,"17":0,"18":0,"19":0,"20":0,"21":0,"22":0,"23":0,"24":0,"25":0,"26":0,"27":0,"28":0,"29":0,"30":0,"31":0,"32":0,"33":0,"34":0,"35":0,"36":0,"37":0,"38":0,"39":0},"f":{"0":0,"1":0,"2":0,"3":0,"4":0,"5":0,"6":0,"7":0,"8":0,"9":0,"10":0,"11":0,"12":0,"13":0,"14":0},"b":{"0":[0,0]}}
}
